CIViC sentences: 5114
Abstract sentences: 12605
HoC positive sentences: 4430
HoC negative sentences: 8909
PIBOSO outcome sentences: 3563
PIBOSO other sentences: 2712

(0, '0.059*"with" + 0.045*"patients" + 0.038*"in" + 0.037*"and" + 0.025*"were" + 0.020*"of" + 0.019*"mutations" + 0.014*"or" + 0.010*"had" + 0.009*"a" + 0.008*"mutation" + 0.007*"to" + 0.007*"those" + 0.006*"associated" + 0.006*"kras" + 0.006*"cancer" + 0.006*"treated" + 0.006*"care" + 0.006*"type" + 0.006*"braf"')

(1, '0.050*"%" + 0.036*"the" + 0.034*"of" + 0.032*"in" + 0.025*"and" + 0.024*"was" + 0.021*"patients" + 0.018*"with" + 0.018*"1" + 0.015*"5" + 0.014*"2" + 0.014*"3" + 0.012*"group" + 0.012*"4" + 0.012*"to" + 0.011*"6" + 0.011*"were" + 0.011*"a" + 0.010*"8" + 0.010*"months"')

(2, '0.083*"the" + 0.065*"of" + 0.036*"in" + 0.030*"to" + 0.029*"that" + 0.028*"a" + 0.020*"is" + 0.019*"for" + 0.018*"be" + 0.016*"and" + 0.012*"these" + 0.012*"may" + 0.011*"this" + 0.011*"as" + 0.008*"are" + 0.008*"an" + 0.007*"not" + 0.006*"dna" + 0.006*"our" + 0.006*"results"')

(3, '0.073*"and" + 0.039*"were" + 0.033*"by" + 0.027*"methods" + 0.024*"was" + 0.018*"between" + 0.018*"the" + 0.011*"no" + 0.010*"s" + 0.010*"assay" + 0.010*"using" + 0.010*"significant" + 0.008*"after" + 0.008*"there" + 0.008*"for" + 0.007*"mir" + 0.006*"differences" + 0.006*"analysis" + 0.006*"sci" + 0.006*"proteins"')

(4, '0.076*"the" + 0.058*"of" + 0.038*"to" + 0.036*"and" + 0.024*"a" + 0.022*"in" + 0.022*"study" + 0.016*"was" + 0.016*"on" + 0.015*"with" + 0.015*"this" + 0.014*"we" + 0.011*"clinical" + 0.009*"data" + 0.009*"from" + 0.008*"trials" + 0.008*"for" + 0.008*"patients" + 0.007*"used" + 0.007*"effects"')

(5, '0.033*"and" + 0.033*"were" + 0.030*"of" + 0.028*"the" + 0.016*"pain" + 0.015*"or" + 0.015*"at" + 0.010*"mg" + 0.010*"in" + 0.010*"dose" + 0.007*"after" + 0.007*"four" + 0.007*"to" + 0.007*"3" + 0.007*"a" + 0.007*"tumour" + 0.007*"two" + 0.006*"from" + 0.006*"all" + 0.006*"on"')

(6, '0.054*"and" + 0.022*"of" + 0.020*"the" + 0.016*"by" + 0.016*"2" + 0.014*"1" + 0.013*"" + 0.013*"il" + 0.011*"mean" + 0.010*"levels" + 0.009*"factor" + 0.009*"receptor" + 0.008*"metastasis" + 0.007*"involved" + 0.007*"anti" + 0.007*"mice" + 0.007*"alpha" + 0.006*"factors" + 0.006*"inflammation" + 0.006*"endothelial"')

(7, '0.038*"results" + 0.029*"conclusions" + 0.014*"are" + 0.010*"main" + 0.009*"chronic" + 0.009*"not" + 0.009*"and" + 0.008*"b" + 0.008*"t" + 0.007*"associated" + 0.007*"children" + 0.006*"is" + 0.006*"likely" + 0.006*"incidence" + 0.006*"that" + 0.006*"blood" + 0.005*"density" + 0.005*"conditions" + 0.005*"ras" + 0.005*"acute"')

(8, '0.051*"of" + 0.049*"in" + 0.044*"the" + 0.041*"and" + 0.037*"cells" + 0.028*"cell" + 0.020*"to" + 0.013*"with" + 0.013*"that" + 0.011*"a" + 0.011*"by" + 0.010*"induced" + 0.010*"was" + 0.010*"expression" + 0.009*"we" + 0.007*"growth" + 0.007*"inhibition" + 0.007*"tumor" + 0.007*"proliferation" + 0.006*"lines"')

(9, '0.063*"0" + 0.053*"p" + 0.038*"=" + 0.029*"with" + 0.021*"and" + 0.020*"significantly" + 0.018*"lt" + 0.018*"was" + 0.018*"survival" + 0.011*"n" + 0.011*"expression" + 0.011*"1" + 0.010*"than" + 0.010*"for" + 0.009*"001" + 0.009*"95" + 0.009*"associated" + 0.009*"higher" + 0.009*"05" + 0.008*"analysis"')

(10, '0.048*"of" + 0.045*"and" + 0.038*"in" + 0.031*"the" + 0.029*"cancer" + 0.015*"expression" + 0.015*"tumor" + 0.013*"breast" + 0.013*"for" + 0.011*"role" + 0.010*"by" + 0.010*"as" + 0.010*"we" + 0.009*"was" + 0.008*"from" + 0.007*"to" + 0.007*"tissue" + 0.006*"on" + 0.006*"a" + 0.006*"were"')

(11, '0.038*"of" + 0.032*"a" + 0.028*"in" + 0.023*"the" + 0.022*"to" + 0.021*"is" + 0.019*"with" + 0.018*"egfr" + 0.014*"lung" + 0.013*"cancer" + 0.009*"kinase" + 0.008*"receptor" + 0.008*"h" + 0.008*"mutations" + 0.008*"factor" + 0.007*"novel" + 0.007*"and" + 0.007*"mechanism" + 0.007*"for" + 0.007*"gene"')

CIViC:
(0, 1040, 0.2033633163863903)	(1, 909, 0.17774736018771997)	(2, 440, 0.08603832616347282)	(3, 62, 0.012123582323034806)	(4, 306, 0.059835745013687915)	(5, 119, 0.023269456394211966)	(6, 36, 0.007039499413375049)	(7, 26, 0.005084082909659757)	(8, 1131, 0.22115760657019945)	(9, 302, 0.059053578412201796)	(10, 224, 0.04380132968322253)	(11, 519, 0.10148611654282362)	

Abstracts:
(0, 1890, 0.14994049980166602)	(1, 2040, 0.16184053946846488)	(2, 1518, 0.12042840142800476)	(3, 228, 0.01808806029353431)	(4, 1122, 0.08901229670765569)	(5, 348, 0.027608092026973424)	(6, 194, 0.015390717969059897)	(7, 112, 0.008885362951209837)	(8, 2079, 0.1649345497818326)	(9, 708, 0.05616818722729076)	(10, 804, 0.06378421261404205)	(11, 1562, 0.12391907973026577)	

HoC pos:
(0, 104, 0.02347629796839729)	(1, 197, 0.04446952595936795)	(2, 837, 0.1889390519187359)	(3, 74, 0.016704288939051917)	(4, 59, 0.013318284424379233)	(5, 60, 0.013544018058690745)	(6, 259, 0.05846501128668172)	(7, 25, 0.0056433408577878106)	(8, 2402, 0.5422121896162528)	(9, 145, 0.0327313769751693)	(10, 202, 0.04559819413092551)	(11, 66, 0.014898419864559819)	

HoC neg:
(0, 277, 0.031092154001571445)	(1, 523, 0.05870468066000673)	(2, 1725, 0.19362442473902794)	(3, 351, 0.03939836120776743)	(4, 539, 0.0605006173532383)	(5, 319, 0.0358064878213043)	(6, 414, 0.046469861937366706)	(7, 88, 0.0098776518127736)	(8, 3326, 0.3733303401055113)	(9, 227, 0.02547985183522281)	(10, 751, 0.08429677853855652)	(11, 369, 0.041418789987652936)	

PIBOSO outcome:
(0, 336, 0.09430255402750491)	(1, 804, 0.22565253999438675)	(2, 874, 0.24529890541678362)	(3, 130, 0.036486107213022735)	(4, 460, 0.12910468706146505)	(5, 350, 0.09823182711198428)	(6, 47, 0.013191131069323604)	(7, 79, 0.02217232669099074)	(8, 127, 0.03564412012349144)	(9, 221, 0.06202638226213865)	(10, 82, 0.02301431378052203)	(11, 53, 0.014875105248386191)	

PIBOSO other:
(0, 292, 0.10766961651917405)	(1, 192, 0.07079646017699115)	(2, 374, 0.137905604719764)	(3, 313, 0.11541297935103245)	(4, 616, 0.22713864306784662)	(5, 154, 0.056784660766961655)	(6, 108, 0.03982300884955752)	(7, 484, 0.17846607669616518)	(8, 14, 0.005162241887905605)	(9, 40, 0.014749262536873156)	(10, 71, 0.026179941002949854)	(11, 54, 0.01991150442477876)	

real	28m53.142s
user	28m16.223s
sys	0m12.621s