CIViC sentences: 5114
Abstract sentences: 12605
HoC positive sentences: 4430
HoC negative sentences: 8909
PIBOSO outcome sentences: 3563
PIBOSO other sentences: 2712
(0, '0.044*"and" + 0.034*"patients" + 0.033*"with" + 0.028*"were" + 0.026*"of" + 0.022*"the" + 0.022*"for" + 0.018*"to" + 0.013*"or" + 0.013*"in" + 0.012*"from" + 0.011*"clinical" + 0.010*"cancer" + 0.010*"treatment" + 0.009*"trials" + 0.009*"data" + 0.008*"on" + 0.007*"objective" + 0.007*"chemotherapy" + 0.007*"study"')
(1, '0.052*"of" + 0.044*"in" + 0.044*"the" + 0.043*"and" + 0.040*"cells" + 0.027*"cell" + 0.019*"to" + 0.014*"by" + 0.012*"that" + 0.011*"induced" + 0.009*"a" + 0.009*"growth" + 0.008*"we" + 0.008*"with" + 0.008*"was" + 0.007*"inhibition" + 0.007*"expression" + 0.007*"proliferation" + 0.007*"tumor" + 0.007*"apoptosis"')
(2, '0.066*"and" + 0.048*"of" + 0.030*"in" + 0.029*"expression" + 0.029*"the" + 0.023*"was" + 0.019*"with" + 0.014*"by" + 0.014*"were" + 0.012*"tumor" + 0.011*"cell" + 0.008*"cancer" + 0.008*"a" + 0.008*"carcinoma" + 0.007*"analysis" + 0.007*"gene" + 0.006*"associated" + 0.006*"factors" + 0.006*"invasion" + 0.005*"metastasis"')
(3, '0.047*"of" + 0.043*"%" + 0.040*"in" + 0.032*"the" + 0.030*"and" + 0.021*"were" + 0.020*"was" + 0.017*"2" + 0.017*"1" + 0.016*"a" + 0.016*"3" + 0.016*"patients" + 0.014*"5" + 0.013*"at" + 0.013*"4" + 0.010*"6" + 0.010*"with" + 0.009*"had" + 0.009*"7" + 0.009*"8"')
(4, '0.030*"egfr" + 0.019*"lung" + 0.017*"with" + 0.016*"and" + 0.016*"receptor" + 0.014*"to" + 0.014*"mutations" + 0.013*"in" + 0.012*"kinase" + 0.011*"design" + 0.010*"factor" + 0.010*"the" + 0.010*"growth" + 0.009*"or" + 0.009*"small" + 0.009*"cell" + 0.008*"mutation" + 0.007*"cancer" + 0.007*"non" + 0.007*"nsclc"')
(5, '0.045*"and" + 0.028*"dna" + 0.023*"levels" + 0.023*"by" + 0.019*"of" + 0.019*"the" + 0.011*"from" + 0.010*"investigated" + 0.010*"damage" + 0.009*"were" + 0.007*"1" + 0.007*"serum" + 0.007*"measures" + 0.006*"inflammatory" + 0.006*"acid" + 0.006*"concentrations" + 0.006*"using" + 0.006*"angiogenesis" + 0.005*"obtained" + 0.005*"level"')
(6, '0.036*"and" + 0.035*"with" + 0.023*"of" + 0.023*"methods" + 0.022*"than" + 0.019*"were" + 0.018*"patients" + 0.017*"in" + 0.015*"more" + 0.010*"those" + 0.010*"age" + 0.009*"higher" + 0.008*"or" + 0.008*"compared" + 0.008*"to" + 0.007*"regulation" + 0.007*"thus" + 0.007*"quality" + 0.007*"subjects" + 0.007*"normal"')
(7, '0.051*"0" + 0.036*"p" + 0.027*"with" + 0.026*"=" + 0.023*"survival" + 0.021*"%" + 0.018*"the" + 0.018*"was" + 0.017*"and" + 0.016*"1" + 0.016*"in" + 0.013*"patients" + 0.012*"lt" + 0.012*"to" + 0.012*"for" + 0.012*"95" + 0.010*"overall" + 0.009*"ci" + 0.009*"2" + 0.009*"significantly"')
(8, '0.045*"a" + 0.028*"with" + 0.021*"in" + 0.018*"of" + 0.014*"background" + 0.014*"the" + 0.012*"to" + 0.012*"i" + 0.011*"was" + 0.011*"braf" + 0.010*"alk" + 0.010*"this" + 0.009*"ii" + 0.009*"e" + 0.009*"phase" + 0.009*"dose" + 0.008*"study" + 0.008*"patient" + 0.008*"case" + 0.007*"and"')
(9, '0.071*"the" + 0.064*"of" + 0.042*"in" + 0.032*"to" + 0.029*"a" + 0.025*"that" + 0.022*"is" + 0.021*"and" + 0.017*"for" + 0.014*"be" + 0.012*"this" + 0.012*"results" + 0.011*"as" + 0.011*"are" + 0.010*"we" + 0.010*"these" + 0.010*"cancer" + 0.008*"may" + 0.006*"an" + 0.006*"have"')
(10, '0.096*"the" + 0.036*"and" + 0.036*"of" + 0.034*"was" + 0.020*"in" + 0.018*"no" + 0.016*"between" + 0.014*"pain" + 0.014*"on" + 0.012*"after" + 0.012*"significant" + 0.011*"to" + 0.010*"there" + 0.010*"were" + 0.010*"treatment" + 0.010*"not" + 0.008*"groups" + 0.008*"h" + 0.008*"by" + 0.007*"or"')
(11, '0.032*"to" + 0.011*"criteria" + 0.010*"bone" + 0.009*"term" + 0.009*"quot" + 0.009*"from" + 0.009*"possible" + 0.009*"long" + 0.008*"met" + 0.008*"setting" + 0.008*"immune" + 0.007*"approach" + 0.006*"active" + 0.006*"severe" + 0.006*"mice" + 0.006*"selection" + 0.006*"ms" + 0.006*"short" + 0.006*"change" + 0.005*"evaluate"')
CIViC:
(0, 429, 0.083887368009386)	(1, 855, 0.1671881110676574)	(2, 516, 0.10089949159170904)	(3, 1016, 0.1986703167774736)	(4, 226, 0.04419241298396558)	(5, 43, 0.008408290965975753)	(6, 209, 0.04086820492764959)	(7, 744, 0.14548298787641767)	(8, 433, 0.08466953461087212)	(9, 521, 0.10187719984356668)	(10, 95, 0.018576456785295268)	(11, 27, 0.005279624560031287)	
Abstracts:
(0, 1202, 0.09535898452994843)	(1, 1510, 0.11979373264577549)	(2, 1166, 0.0925029750099167)	(3, 1710, 0.13566045220150733)	(4, 547, 0.043395477984926614)	(5, 126, 0.009996033320111068)	(6, 307, 0.024355414518048395)	(7, 1458, 0.1156683855612852)	(8, 531, 0.04212614042046807)	(9, 3690, 0.2927409758032527)	(10, 330, 0.026180087266957558)	(11, 28, 0.0022213407378024594)	
HoC pos:
(0, 37, 0.008352144469525959)	(1, 2115, 0.47742663656884876)	(2, 414, 0.09345372460496613)	(3, 216, 0.04875846501128668)	(4, 24, 0.005417607223476298)	(5, 179, 0.04040632054176072)	(6, 54, 0.01218961625282167)	(7, 144, 0.03250564334085779)	(8, 29, 0.00654627539503386)	(9, 1034, 0.23340857787810385)	(10, 159, 0.03589164785553047)	(11, 25, 0.0056433408577878106)	
HoC neg:
(0, 269, 0.030194185654955664)	(1, 2947, 0.33078908968458864)	(2, 963, 0.10809293972387474)	(3, 610, 0.06847008642945336)	(4, 75, 0.008418453249522954)	(5, 299, 0.033561566954764845)	(6, 178, 0.019979795712201143)	(7, 279, 0.03131664608822539)	(8, 141, 0.015826692109103153)	(9, 2741, 0.30766640475923224)	(10, 322, 0.03614322595128522)	(11, 85, 0.009540913682792682)	
PIBOSO outcome:
(0, 359, 0.10075778838057817)	(1, 85, 0.023856300870053325)	(2, 91, 0.025540275049115914)	(3, 666, 0.18692113387594725)	(4, 31, 0.008700533258490037)	(5, 35, 0.009823182711198428)	(6, 379, 0.10637103564412012)	(7, 349, 0.09795116474880719)	(8, 83, 0.02329497614369913)	(9, 1003, 0.28150435026662923)	(10, 440, 0.1234914397979231)	(11, 42, 0.011787819253438114)	
PIBOSO other:
(0, 559, 0.20612094395280237)	(1, 28, 0.01032448377581121)	(2, 85, 0.031342182890855455)	(3, 174, 0.06415929203539823)	(4, 185, 0.06821533923303835)	(5, 71, 0.026179941002949854)	(6, 263, 0.096976401179941)	(7, 64, 0.02359882005899705)	(8, 188, 0.06932153392330384)	(9, 810, 0.29867256637168144)	(10, 173, 0.0637905604719764)	(11, 112, 0.04129793510324484)	
